2024-04-27 12:32:28.732  INFO 22832 --- [main] com.bookstore.bookstoreapplication       : Starting bookstoreapplication using Java 17.0.10 on LTIN520942 with PID 22832 (C:\Users\2322462\Downloads\E-Commerce 2\E-Commerce\E-Commerce-main\ecom-backend\target\classes started by 2322462 in C:\Users\2322462\Downloads\E-Commerce 2\E-Commerce\E-Commerce-main\ecom-backend)
2024-04-27 12:32:28.752  INFO 22832 --- [main] com.bookstore.bookstoreapplication       : No active profile set, falling back to default profiles: default
2024-04-27 12:32:29.642  INFO 22832 --- [main] .s.d.r.c.RepositoryConfigurationDelegate : Bootstrapping Spring Data JPA repositories in DEFAULT mode.
2024-04-27 12:32:29.759  INFO 22832 --- [main] .s.d.r.c.RepositoryConfigurationDelegate : Finished Spring Data repository scanning in 102 ms. Found 5 JPA repository interfaces.
2024-04-27 12:32:30.128  INFO 22832 --- [main] trationDelegate$BeanPostProcessorChecker : Bean 'org.springframework.security.access.expression.method.DefaultMethodSecurityExpressionHandler@3fe46690' of type [org.springframework.security.access.expression.method.DefaultMethodSecurityExpressionHandler] is not eligible for getting processed by all BeanPostProcessors (for example: not eligible for auto-proxying)
2024-04-27 12:32:30.135  INFO 22832 --- [main] trationDelegate$BeanPostProcessorChecker : Bean 'methodSecurityMetadataSource' of type [org.springframework.security.access.method.DelegatingMethodSecurityMetadataSource] is not eligible for getting processed by all BeanPostProcessors (for example: not eligible for auto-proxying)
2024-04-27 12:32:30.635  INFO 22832 --- [main] o.s.b.w.embedded.tomcat.TomcatWebServer  : Tomcat initialized with port(s): 9090 (http)
2024-04-27 12:32:30.655  INFO 22832 --- [main] o.apache.catalina.core.StandardService   : Starting service [Tomcat]
2024-04-27 12:32:30.656  INFO 22832 --- [main] org.apache.catalina.core.StandardEngine  : Starting Servlet engine: [Apache Tomcat/9.0.45]
2024-04-27 12:32:30.815  INFO 22832 --- [main] o.a.c.c.C.[Tomcat].[localhost].[/]       : Initializing Spring embedded WebApplicationContext
2024-04-27 12:32:30.816  INFO 22832 --- [main] w.s.c.ServletWebServerApplicationContext : Root WebApplicationContext: initialization completed in 1979 ms
2024-04-27 12:32:31.171  INFO 22832 --- [main] o.hibernate.jpa.internal.util.LogHelper  : HHH000204: Processing PersistenceUnitInfo [name: default]
2024-04-27 12:32:31.225  INFO 22832 --- [main] org.hibernate.Version                    : HHH000412: Hibernate ORM core version 5.4.30.Final
2024-04-27 12:32:31.405  INFO 22832 --- [main] o.hibernate.annotations.common.Version   : HCANN000001: Hibernate Commons Annotations {5.1.2.Final}
2024-04-27 12:32:31.505  INFO 22832 --- [main] com.zaxxer.hikari.HikariDataSource       : HikariPool-1 - Starting...
2024-04-27 12:32:31.836  INFO 22832 --- [main] com.zaxxer.hikari.HikariDataSource       : HikariPool-1 - Start completed.
2024-04-27 12:32:31.888  INFO 22832 --- [main] org.hibernate.dialect.Dialect            : HHH000400: Using dialect: org.hibernate.dialect.MySQL8Dialect
2024-04-27 12:32:32.738  INFO 22832 --- [main] o.h.e.t.j.p.i.JtaPlatformInitiator       : HHH000490: Using JtaPlatform implementation: [org.hibernate.engine.transaction.jta.platform.internal.NoJtaPlatform]
2024-04-27 12:32:32.749  INFO 22832 --- [main] j.LocalContainerEntityManagerFactoryBean : Initialized JPA EntityManagerFactory for persistence unit 'default'
2024-04-27 12:32:33.145  WARN 22832 --- [main] JpaBaseConfiguration$JpaWebConfiguration : spring.jpa.open-in-view is enabled by default. Therefore, database queries may be performed during view rendering. Explicitly configure spring.jpa.open-in-view to disable this warning
2024-04-27 12:32:34.156  INFO 22832 --- [main] o.s.s.web.DefaultSecurityFilterChain     : Will secure any request with [org.springframework.security.web.context.request.async.WebAsyncManagerIntegrationFilter@6464f017, org.springframework.security.web.context.SecurityContextPersistenceFilter@7e69bf78, org.springframework.security.web.header.HeaderWriterFilter@56ed2baf, org.springframework.web.filter.CorsFilter@755a90a6, org.springframework.security.web.authentication.logout.LogoutFilter@7e27b77a, com.bookstore.configuration.JwtRequestFilter@460aa24e, org.springframework.security.web.savedrequest.RequestCacheAwareFilter@2f69d246, org.springframework.security.web.servletapi.SecurityContextHolderAwareRequestFilter@1c09bb7a, org.springframework.security.web.authentication.AnonymousAuthenticationFilter@5862ab28, org.springframework.security.web.session.SessionManagementFilter@45e9db77, org.springframework.security.web.access.ExceptionTranslationFilter@2aa65672, org.springframework.security.web.access.intercept.FilterSecurityInterceptor@329aa2d1]
2024-04-27 12:32:34.247  INFO 22832 --- [main] o.s.s.concurrent.ThreadPoolTaskExecutor  : Initializing ExecutorService 'applicationTaskExecutor'
2024-04-27 12:32:34.491  INFO 22832 --- [main] o.s.b.w.embedded.tomcat.TomcatWebServer  : Tomcat started on port(s): 9090 (http) with context path ''
2024-04-27 12:32:34.503  INFO 22832 --- [main] com.bookstore.bookstoreapplication       : Started bookstoreapplication in 6.281 seconds (JVM running for 6.943)
2024-04-27 12:32:51.040  INFO 1628 --- [main] c.b.controllayer.ProductControllerTests  : Starting ProductControllerTests using Java 17.0.10 on LTIN520942 with PID 1628 (started by 2322462 in C:\Users\2322462\Downloads\E-Commerce 2\E-Commerce\E-Commerce-main\ecom-backend)
2024-04-27 12:32:51.043  INFO 1628 --- [main] c.b.controllayer.ProductControllerTests  : No active profile set, falling back to default profiles: default
2024-04-27 12:32:51.961  INFO 1628 --- [main] .s.d.r.c.RepositoryConfigurationDelegate : Bootstrapping Spring Data JPA repositories in DEFAULT mode.
2024-04-27 12:32:52.095  INFO 1628 --- [main] .s.d.r.c.RepositoryConfigurationDelegate : Finished Spring Data repository scanning in 118 ms. Found 5 JPA repository interfaces.
2024-04-27 12:32:52.587  INFO 1628 --- [main] trationDelegate$BeanPostProcessorChecker : Bean 'org.springframework.security.access.expression.method.DefaultMethodSecurityExpressionHandler@4ace284d' of type [org.springframework.security.access.expression.method.DefaultMethodSecurityExpressionHandler] is not eligible for getting processed by all BeanPostProcessors (for example: not eligible for auto-proxying)
2024-04-27 12:32:52.608  INFO 1628 --- [main] trationDelegate$BeanPostProcessorChecker : Bean 'methodSecurityMetadataSource' of type [org.springframework.security.access.method.DelegatingMethodSecurityMetadataSource] is not eligible for getting processed by all BeanPostProcessors (for example: not eligible for auto-proxying)
2024-04-27 12:32:53.008  INFO 1628 --- [main] o.hibernate.jpa.internal.util.LogHelper  : HHH000204: Processing PersistenceUnitInfo [name: default]
2024-04-27 12:32:53.059  INFO 1628 --- [main] org.hibernate.Version                    : HHH000412: Hibernate ORM core version 5.4.30.Final
2024-04-27 12:32:53.223  INFO 1628 --- [main] o.hibernate.annotations.common.Version   : HCANN000001: Hibernate Commons Annotations {5.1.2.Final}
2024-04-27 12:32:53.452  INFO 1628 --- [main] com.zaxxer.hikari.HikariDataSource       : HikariPool-1 - Starting...
2024-04-27 12:32:53.923  INFO 1628 --- [main] com.zaxxer.hikari.HikariDataSource       : HikariPool-1 - Start completed.
2024-04-27 12:32:53.976  INFO 1628 --- [main] org.hibernate.dialect.Dialect            : HHH000400: Using dialect: org.hibernate.dialect.MySQL8Dialect
2024-04-27 12:32:54.971  INFO 1628 --- [main] o.h.e.t.j.p.i.JtaPlatformInitiator       : HHH000490: Using JtaPlatform implementation: [org.hibernate.engine.transaction.jta.platform.internal.NoJtaPlatform]
2024-04-27 12:32:54.982  INFO 1628 --- [main] j.LocalContainerEntityManagerFactoryBean : Initialized JPA EntityManagerFactory for persistence unit 'default'
2024-04-27 12:32:55.785  WARN 1628 --- [main] JpaBaseConfiguration$JpaWebConfiguration : spring.jpa.open-in-view is enabled by default. Therefore, database queries may be performed during view rendering. Explicitly configure spring.jpa.open-in-view to disable this warning
2024-04-27 12:32:57.746  INFO 1628 --- [main] o.s.s.web.DefaultSecurityFilterChain     : Will secure any request with [org.springframework.security.web.context.request.async.WebAsyncManagerIntegrationFilter@2eb91767, org.springframework.security.web.context.SecurityContextPersistenceFilter@4f72078d, org.springframework.security.web.header.HeaderWriterFilter@4c25201, org.springframework.web.filter.CorsFilter@520eb9f8, org.springframework.security.web.authentication.logout.LogoutFilter@362e709e, com.bookstore.configuration.JwtRequestFilter@46b55a0e, org.springframework.security.web.savedrequest.RequestCacheAwareFilter@19b8f1bd, org.springframework.security.web.servletapi.SecurityContextHolderAwareRequestFilter@2fa4888c, org.springframework.security.web.authentication.AnonymousAuthenticationFilter@3ecc9baa, org.springframework.security.web.session.SessionManagementFilter@2fbb098f, org.springframework.security.web.access.ExceptionTranslationFilter@6e5fba90, org.springframework.security.web.access.intercept.FilterSecurityInterceptor@5318731f]
2024-04-27 12:32:58.168  INFO 1628 --- [main] o.s.s.concurrent.ThreadPoolTaskExecutor  : Initializing ExecutorService 'applicationTaskExecutor'
2024-04-27 12:32:58.645  INFO 1628 --- [main] c.b.controllayer.ProductControllerTests  : Started ProductControllerTests in 7.93 seconds (JVM running for 9.473)
2024-04-27 12:32:59.201  INFO 1628 --- [main] o.s.mock.web.MockServletContext          : Initializing Spring TestDispatcherServlet ''
2024-04-27 12:32:59.202  INFO 1628 --- [main] o.s.t.web.servlet.TestDispatcherServlet  : Initializing Servlet ''
2024-04-27 12:32:59.203  INFO 1628 --- [main] o.s.t.web.servlet.TestDispatcherServlet  : Completed initialization in 0 ms
2024-04-27 12:32:59.356  WARN 1628 --- [main] .w.s.m.s.DefaultHandlerExceptionResolver : Resolved [org.springframework.web.HttpMediaTypeNotSupportedException: Content type 'application/json' not supported]
2024-04-27 12:32:59.448  INFO 1628 --- [main] o.s.mock.web.MockServletContext          : Initializing Spring TestDispatcherServlet ''
2024-04-27 12:32:59.448  INFO 1628 --- [main] o.s.t.web.servlet.TestDispatcherServlet  : Initializing Servlet ''
2024-04-27 12:32:59.449  INFO 1628 --- [main] o.s.t.web.servlet.TestDispatcherServlet  : Completed initialization in 0 ms
2024-04-27 12:32:59.538  INFO 1628 --- [main] c.b.controller.ProductController         : Product details displayed with id:1
2024-04-27 12:32:59.588  INFO 1628 --- [main] o.s.mock.web.MockServletContext          : Initializing Spring TestDispatcherServlet ''
2024-04-27 12:32:59.588  INFO 1628 --- [main] o.s.t.web.servlet.TestDispatcherServlet  : Initializing Servlet ''
2024-04-27 12:32:59.589  INFO 1628 --- [main] o.s.t.web.servlet.TestDispatcherServlet  : Completed initialization in 0 ms
2024-04-27 12:32:59.592  INFO 1628 --- [main] c.b.controller.ProductController         : Product details deleted with id:1
2024-04-27 12:32:59.622  INFO 1628 --- [main] o.s.mock.web.MockServletContext          : Initializing Spring TestDispatcherServlet ''
2024-04-27 12:32:59.623  INFO 1628 --- [main] o.s.t.web.servlet.TestDispatcherServlet  : Initializing Servlet ''
2024-04-27 12:32:59.623  INFO 1628 --- [main] o.s.t.web.servlet.TestDispatcherServlet  : Completed initialization in 0 ms
2024-04-27 12:32:59.626  INFO 1628 --- [main] c.b.controller.ProductController         : The product details displayed:1
2024-04-27 12:32:59.655  INFO 1628 --- [main] o.s.mock.web.MockServletContext          : Initializing Spring TestDispatcherServlet ''
2024-04-27 12:32:59.656  INFO 1628 --- [main] o.s.t.web.servlet.TestDispatcherServlet  : Initializing Servlet ''
2024-04-27 12:32:59.656  INFO 1628 --- [main] o.s.t.web.servlet.TestDispatcherServlet  : Completed initialization in 0 ms
2024-04-27 12:32:59.685  INFO 1628 --- [SpringContextShutdownHook] o.s.s.concurrent.ThreadPoolTaskExecutor  : Shutting down ExecutorService 'applicationTaskExecutor'
2024-04-27 12:32:59.688  INFO 1628 --- [SpringContextShutdownHook] j.LocalContainerEntityManagerFactoryBean : Closing JPA EntityManagerFactory for persistence unit 'default'
2024-04-27 12:32:59.693  INFO 1628 --- [SpringContextShutdownHook] com.zaxxer.hikari.HikariDataSource       : HikariPool-1 - Shutdown initiated...
2024-04-27 12:32:59.712  INFO 1628 --- [SpringContextShutdownHook] com.zaxxer.hikari.HikariDataSource       : HikariPool-1 - Shutdown completed.
2024-04-27 13:26:15.847  INFO 22804 --- [main] com.bookstore.bookstoreapplication       : Starting bookstoreapplication using Java 17.0.10 on LTIN520942 with PID 22804 (C:\Users\2322462\Downloads\E-Commerce 2\E-Commerce\E-Commerce-main\ecom-backend\target\classes started by 2322462 in C:\Users\2322462\Downloads\E-Commerce 2\E-Commerce\E-Commerce-main\ecom-backend)
2024-04-27 13:26:15.854  INFO 22804 --- [main] com.bookstore.bookstoreapplication       : No active profile set, falling back to default profiles: default
2024-04-27 13:26:16.629  INFO 22804 --- [main] .s.d.r.c.RepositoryConfigurationDelegate : Bootstrapping Spring Data JPA repositories in DEFAULT mode.
2024-04-27 13:26:16.718  INFO 22804 --- [main] .s.d.r.c.RepositoryConfigurationDelegate : Finished Spring Data repository scanning in 78 ms. Found 5 JPA repository interfaces.
2024-04-27 13:26:17.109  INFO 22804 --- [main] trationDelegate$BeanPostProcessorChecker : Bean 'org.springframework.security.access.expression.method.DefaultMethodSecurityExpressionHandler@6daf7d37' of type [org.springframework.security.access.expression.method.DefaultMethodSecurityExpressionHandler] is not eligible for getting processed by all BeanPostProcessors (for example: not eligible for auto-proxying)
2024-04-27 13:26:17.117  INFO 22804 --- [main] trationDelegate$BeanPostProcessorChecker : Bean 'methodSecurityMetadataSource' of type [org.springframework.security.access.method.DelegatingMethodSecurityMetadataSource] is not eligible for getting processed by all BeanPostProcessors (for example: not eligible for auto-proxying)
2024-04-27 13:26:17.567  INFO 22804 --- [main] o.s.b.w.embedded.tomcat.TomcatWebServer  : Tomcat initialized with port(s): 9090 (http)
2024-04-27 13:26:17.586  INFO 22804 --- [main] o.apache.catalina.core.StandardService   : Starting service [Tomcat]
2024-04-27 13:26:17.586  INFO 22804 --- [main] org.apache.catalina.core.StandardEngine  : Starting Servlet engine: [Apache Tomcat/9.0.45]
2024-04-27 13:26:17.712  INFO 22804 --- [main] o.a.c.c.C.[Tomcat].[localhost].[/]       : Initializing Spring embedded WebApplicationContext
2024-04-27 13:26:17.712  INFO 22804 --- [main] w.s.c.ServletWebServerApplicationContext : Root WebApplicationContext: initialization completed in 1775 ms
2024-04-27 13:26:17.955  INFO 22804 --- [main] o.hibernate.jpa.internal.util.LogHelper  : HHH000204: Processing PersistenceUnitInfo [name: default]
2024-04-27 13:26:18.002  INFO 22804 --- [main] org.hibernate.Version                    : HHH000412: Hibernate ORM core version 5.4.30.Final
2024-04-27 13:26:18.130  INFO 22804 --- [main] o.hibernate.annotations.common.Version   : HCANN000001: Hibernate Commons Annotations {5.1.2.Final}
2024-04-27 13:26:18.232  INFO 22804 --- [main] com.zaxxer.hikari.HikariDataSource       : HikariPool-1 - Starting...
2024-04-27 13:26:18.508  INFO 22804 --- [main] com.zaxxer.hikari.HikariDataSource       : HikariPool-1 - Start completed.
2024-04-27 13:26:18.534  INFO 22804 --- [main] org.hibernate.dialect.Dialect            : HHH000400: Using dialect: org.hibernate.dialect.MySQL8Dialect
2024-04-27 13:26:19.378  INFO 22804 --- [main] o.h.e.t.j.p.i.JtaPlatformInitiator       : HHH000490: Using JtaPlatform implementation: [org.hibernate.engine.transaction.jta.platform.internal.NoJtaPlatform]
2024-04-27 13:26:19.387  INFO 22804 --- [main] j.LocalContainerEntityManagerFactoryBean : Initialized JPA EntityManagerFactory for persistence unit 'default'
2024-04-27 13:26:19.731  WARN 22804 --- [main] JpaBaseConfiguration$JpaWebConfiguration : spring.jpa.open-in-view is enabled by default. Therefore, database queries may be performed during view rendering. Explicitly configure spring.jpa.open-in-view to disable this warning
2024-04-27 13:26:20.604  INFO 22804 --- [main] o.s.s.web.DefaultSecurityFilterChain     : Will secure any request with [org.springframework.security.web.context.request.async.WebAsyncManagerIntegrationFilter@103033fe, org.springframework.security.web.context.SecurityContextPersistenceFilter@3f22ce2a, org.springframework.security.web.header.HeaderWriterFilter@45482f82, org.springframework.web.filter.CorsFilter@25511895, org.springframework.security.web.authentication.logout.LogoutFilter@f245168, com.bookstore.configuration.JwtRequestFilter@698e1bf5, org.springframework.security.web.savedrequest.RequestCacheAwareFilter@6e069ca9, org.springframework.security.web.servletapi.SecurityContextHolderAwareRequestFilter@2f69d246, org.springframework.security.web.authentication.AnonymousAuthenticationFilter@38f569d, org.springframework.security.web.session.SessionManagementFilter@3f12676, org.springframework.security.web.access.ExceptionTranslationFilter@7a22302c, org.springframework.security.web.access.intercept.FilterSecurityInterceptor@1ab717f3]
2024-04-27 13:26:20.672  INFO 22804 --- [main] o.s.s.concurrent.ThreadPoolTaskExecutor  : Initializing ExecutorService 'applicationTaskExecutor'
2024-04-27 13:26:20.865  WARN 22804 --- [main] ConfigServletWebServerApplicationContext : Exception encountered during context initialization - cancelling refresh attempt: org.springframework.context.ApplicationContextException: Failed to start bean 'webServerStartStop'; nested exception is org.springframework.boot.web.server.PortInUseException: Port 9090 is already in use
2024-04-27 13:26:20.865  INFO 22804 --- [main] o.s.s.concurrent.ThreadPoolTaskExecutor  : Shutting down ExecutorService 'applicationTaskExecutor'
2024-04-27 13:26:20.869  INFO 22804 --- [main] j.LocalContainerEntityManagerFactoryBean : Closing JPA EntityManagerFactory for persistence unit 'default'
2024-04-27 13:26:20.871  INFO 22804 --- [main] com.zaxxer.hikari.HikariDataSource       : HikariPool-1 - Shutdown initiated...
2024-04-27 13:26:20.887  INFO 22804 --- [main] com.zaxxer.hikari.HikariDataSource       : HikariPool-1 - Shutdown completed.
2024-04-27 13:26:20.890  INFO 22804 --- [main] o.apache.catalina.core.StandardService   : Stopping service [Tomcat]
2024-04-27 13:26:20.903  INFO 22804 --- [main] ConditionEvaluationReportLoggingListener : 

Error starting ApplicationContext. To display the conditions report re-run your application with 'debug' enabled.
2024-04-27 13:26:20.923 ERROR 22804 --- [main] o.s.b.d.LoggingFailureAnalysisReporter   : 

***************************
APPLICATION FAILED TO START
***************************

Description:

Web server failed to start. Port 9090 was already in use.

Action:

Identify and stop the process that's listening on port 9090 or configure this application to listen on another port.

2024-04-27 13:26:43.286  INFO 2704 --- [main] com.bookstore.bookstoreapplication       : Starting bookstoreapplication using Java 17.0.10 on LTIN520942 with PID 2704 (C:\Users\2322462\Downloads\E-Commerce 2\E-Commerce\E-Commerce-main\ecom-backend\target\classes started by 2322462 in C:\Users\2322462\Downloads\E-Commerce 2\E-Commerce\E-Commerce-main\ecom-backend)
2024-04-27 13:26:43.289  INFO 2704 --- [main] com.bookstore.bookstoreapplication       : No active profile set, falling back to default profiles: default
2024-04-27 13:26:44.061  INFO 2704 --- [main] .s.d.r.c.RepositoryConfigurationDelegate : Bootstrapping Spring Data JPA repositories in DEFAULT mode.
2024-04-27 13:26:44.155  INFO 2704 --- [main] .s.d.r.c.RepositoryConfigurationDelegate : Finished Spring Data repository scanning in 79 ms. Found 5 JPA repository interfaces.
2024-04-27 13:26:44.487  INFO 2704 --- [main] trationDelegate$BeanPostProcessorChecker : Bean 'org.springframework.security.access.expression.method.DefaultMethodSecurityExpressionHandler@65d57e4e' of type [org.springframework.security.access.expression.method.DefaultMethodSecurityExpressionHandler] is not eligible for getting processed by all BeanPostProcessors (for example: not eligible for auto-proxying)
2024-04-27 13:26:44.492  INFO 2704 --- [main] trationDelegate$BeanPostProcessorChecker : Bean 'methodSecurityMetadataSource' of type [org.springframework.security.access.method.DelegatingMethodSecurityMetadataSource] is not eligible for getting processed by all BeanPostProcessors (for example: not eligible for auto-proxying)
2024-04-27 13:26:44.929  INFO 2704 --- [main] o.s.b.w.embedded.tomcat.TomcatWebServer  : Tomcat initialized with port(s): 9090 (http)
2024-04-27 13:26:44.948  INFO 2704 --- [main] o.apache.catalina.core.StandardService   : Starting service [Tomcat]
2024-04-27 13:26:44.949  INFO 2704 --- [main] org.apache.catalina.core.StandardEngine  : Starting Servlet engine: [Apache Tomcat/9.0.45]
2024-04-27 13:26:45.074  INFO 2704 --- [main] o.a.c.c.C.[Tomcat].[localhost].[/]       : Initializing Spring embedded WebApplicationContext
2024-04-27 13:26:45.074  INFO 2704 --- [main] w.s.c.ServletWebServerApplicationContext : Root WebApplicationContext: initialization completed in 1731 ms
2024-04-27 13:26:45.406  INFO 2704 --- [main] o.hibernate.jpa.internal.util.LogHelper  : HHH000204: Processing PersistenceUnitInfo [name: default]
2024-04-27 13:26:45.494  INFO 2704 --- [main] org.hibernate.Version                    : HHH000412: Hibernate ORM core version 5.4.30.Final
2024-04-27 13:26:45.747  INFO 2704 --- [main] o.hibernate.annotations.common.Version   : HCANN000001: Hibernate Commons Annotations {5.1.2.Final}
2024-04-27 13:26:45.887  INFO 2704 --- [main] com.zaxxer.hikari.HikariDataSource       : HikariPool-1 - Starting...
2024-04-27 13:26:46.152  INFO 2704 --- [main] com.zaxxer.hikari.HikariDataSource       : HikariPool-1 - Start completed.
2024-04-27 13:26:46.182  INFO 2704 --- [main] org.hibernate.dialect.Dialect            : HHH000400: Using dialect: org.hibernate.dialect.MySQL8Dialect
2024-04-27 13:26:47.013  INFO 2704 --- [main] o.h.e.t.j.p.i.JtaPlatformInitiator       : HHH000490: Using JtaPlatform implementation: [org.hibernate.engine.transaction.jta.platform.internal.NoJtaPlatform]
2024-04-27 13:26:47.024  INFO 2704 --- [main] j.LocalContainerEntityManagerFactoryBean : Initialized JPA EntityManagerFactory for persistence unit 'default'
2024-04-27 13:26:47.368  WARN 2704 --- [main] JpaBaseConfiguration$JpaWebConfiguration : spring.jpa.open-in-view is enabled by default. Therefore, database queries may be performed during view rendering. Explicitly configure spring.jpa.open-in-view to disable this warning
2024-04-27 13:26:48.298  INFO 2704 --- [main] o.s.s.web.DefaultSecurityFilterChain     : Will secure any request with [org.springframework.security.web.context.request.async.WebAsyncManagerIntegrationFilter@e638553, org.springframework.security.web.context.SecurityContextPersistenceFilter@3986b9e9, org.springframework.security.web.header.HeaderWriterFilter@13346a64, org.springframework.web.filter.CorsFilter@1c25385a, org.springframework.security.web.authentication.logout.LogoutFilter@4281a26f, com.bookstore.configuration.JwtRequestFilter@18a38bba, org.springframework.security.web.savedrequest.RequestCacheAwareFilter@4f629aa4, org.springframework.security.web.servletapi.SecurityContextHolderAwareRequestFilter@6e069ca9, org.springframework.security.web.authentication.AnonymousAuthenticationFilter@75d0cac6, org.springframework.security.web.session.SessionManagementFilter@1ac71b87, org.springframework.security.web.access.ExceptionTranslationFilter@51d9479c, org.springframework.security.web.access.intercept.FilterSecurityInterceptor@67167f8f]
2024-04-27 13:26:48.369  INFO 2704 --- [main] o.s.s.concurrent.ThreadPoolTaskExecutor  : Initializing ExecutorService 'applicationTaskExecutor'
2024-04-27 13:26:48.561  INFO 2704 --- [main] o.s.b.w.embedded.tomcat.TomcatWebServer  : Tomcat started on port(s): 9090 (http) with context path ''
2024-04-27 13:26:48.571  INFO 2704 --- [main] com.bookstore.bookstoreapplication       : Started bookstoreapplication in 5.713 seconds (JVM running for 6.118)
2024-04-27 13:27:39.493  INFO 2704 --- [http-nio-9090-exec-1] o.a.c.c.C.[Tomcat].[localhost].[/]       : Initializing Spring DispatcherServlet 'dispatcherServlet'
2024-04-27 13:27:39.494  INFO 2704 --- [http-nio-9090-exec-1] o.s.web.servlet.DispatcherServlet        : Initializing Servlet 'dispatcherServlet'
2024-04-27 13:27:39.497  INFO 2704 --- [http-nio-9090-exec-1] o.s.web.servlet.DispatcherServlet        : Completed initialization in 3 ms
2024-04-27 13:30:03.450  INFO 2704 --- [http-nio-9090-exec-9] com.bookstore.controller.JwtController   : Token CreatedJwtRequest(userName=vakini, userPassword=vakini@88)
2024-04-27 13:30:03.636  INFO 2704 --- [http-nio-9090-exec-1] com.bookstore.controller.UserController  : This is for User Access
2024-04-27 13:30:14.344  INFO 2704 --- [http-nio-9090-exec-3] com.bookstore.controller.JwtController   : Token CreatedJwtRequest(userName=hemabindu, userPassword=Bindu@88)
2024-04-27 13:57:29.391  WARN 2704 --- [HikariPool-1 housekeeper] com.zaxxer.hikari.pool.HikariPool        : HikariPool-1 - Thread starvation or clock leap detected (housekeeper delta=13m4s601ms679µs700ns).
